0 info it worked if it ends with ok
1 verbose cli [ '/Users/soul/.nvm/versions/node/v6.3.0/bin/node',
1 verbose cli   '/Users/soul/.nvm/versions/node/v6.3.0/bin/npm',
1 verbose cli   'publish',
1 verbose cli   'local' ]
2 info using npm@3.10.3
3 info using node@v6.3.0
4 verbose publish [ 'local' ]
5 silly cache add args [ 'local', null ]
6 verbose cache add spec local
7 silly cache add parsed spec Result {
7 silly cache add   raw: 'local',
7 silly cache add   scope: null,
7 silly cache add   escapedName: 'local',
7 silly cache add   name: 'local',
7 silly cache add   rawSpec: '',
7 silly cache add   spec: 'latest',
7 silly cache add   type: 'tag' }
8 silly addNamed local@latest
9 verbose addNamed "latest" is being treated as a dist-tag for local
10 info addNameTag [ 'local', 'latest' ]
11 silly mapToRegistry name local
12 silly mapToRegistry using default registry
13 silly mapToRegistry registry https://registry.npmjs.org/
14 silly mapToRegistry data Result {
14 silly mapToRegistry   raw: 'local',
14 silly mapToRegistry   scope: null,
14 silly mapToRegistry   escapedName: 'local',
14 silly mapToRegistry   name: 'local',
14 silly mapToRegistry   rawSpec: '',
14 silly mapToRegistry   spec: 'latest',
14 silly mapToRegistry   type: 'tag' }
15 silly mapToRegistry uri https://registry.npmjs.org/local
16 verbose addNameTag registry:https://registry.npmjs.org/local not in flight; fetching
17 verbose request uri https://registry.npmjs.org/local
18 verbose request no auth needed
19 info attempt registry request try #1 at 13:27:37
20 verbose request using bearer token for auth
21 verbose request id 226f33f309fd4b2a
22 http request GET https://registry.npmjs.org/local
23 http 200 https://registry.npmjs.org/local
24 verbose headers { server: 'CouchDB/1.5.0 (Erlang OTP/R16B03)',
24 verbose headers   etag: '"BBFY33UVTVFNHLN04ALUNNXQU"',
24 verbose headers   'content-type': 'application/json',
24 verbose headers   'content-encoding': 'gzip',
24 verbose headers   'cache-control': 'max-age=300',
24 verbose headers   'transfer-encoding': 'chunked',
24 verbose headers   'accept-ranges': 'bytes',
24 verbose headers   date: 'Mon, 08 Aug 2016 10:27:38 GMT',
24 verbose headers   via: '1.1 varnish',
24 verbose headers   connection: 'keep-alive',
24 verbose headers   'x-served-by': 'cache-fra1236-FRA',
24 verbose headers   'x-cache': 'MISS',
24 verbose headers   'x-cache-hits': '0',
24 verbose headers   'x-timer': 'S1470652058.060416,VS0,VE112',
24 verbose headers   vary: 'Accept-Encoding' }
25 silly get cb [ 200,
25 silly get   { server: 'CouchDB/1.5.0 (Erlang OTP/R16B03)',
25 silly get     etag: '"BBFY33UVTVFNHLN04ALUNNXQU"',
25 silly get     'content-type': 'application/json',
25 silly get     'content-encoding': 'gzip',
25 silly get     'cache-control': 'max-age=300',
25 silly get     'transfer-encoding': 'chunked',
25 silly get     'accept-ranges': 'bytes',
25 silly get     date: 'Mon, 08 Aug 2016 10:27:38 GMT',
25 silly get     via: '1.1 varnish',
25 silly get     connection: 'keep-alive',
25 silly get     'x-served-by': 'cache-fra1236-FRA',
25 silly get     'x-cache': 'MISS',
25 silly get     'x-cache-hits': '0',
25 silly get     'x-timer': 'S1470652058.060416,VS0,VE112',
25 silly get     vary: 'Accept-Encoding' } ]
26 verbose get saving local to /Users/soul/.npm/registry.npmjs.org/local/.cache.json
27 verbose correctMkdir /Users/soul/.npm correctMkdir not in flight; initializing
28 silly addNameTag next cb for local with tag latest
29 silly addNamed local@0.3.3
30 verbose addNamed "0.3.3" is a plain semver version for local
31 silly mapToRegistry name local
32 silly mapToRegistry using default registry
33 silly mapToRegistry registry https://registry.npmjs.org/
34 silly mapToRegistry data Result {
34 silly mapToRegistry   raw: 'local',
34 silly mapToRegistry   scope: null,
34 silly mapToRegistry   escapedName: 'local',
34 silly mapToRegistry   name: 'local',
34 silly mapToRegistry   rawSpec: '',
34 silly mapToRegistry   spec: 'latest',
34 silly mapToRegistry   type: 'tag' }
35 silly mapToRegistry uri https://registry.npmjs.org/local
36 verbose addRemoteTarball https://registry.npmjs.org/local/-/local-0.3.3.tgz not in flight; adding
37 verbose addRemoteTarball [ 'https://registry.npmjs.org/local/-/local-0.3.3.tgz',
37 verbose addRemoteTarball   'be3b133d0810cf66df63a9c6e4ada7c4dd0a9afc' ]
38 info retry fetch attempt 1 at 13:27:38
39 info attempt registry request try #1 at 13:27:38
40 http fetch GET https://registry.npmjs.org/local/-/local-0.3.3.tgz
41 verbose request using bearer token for auth
42 http fetch 200 https://registry.npmjs.org/local/-/local-0.3.3.tgz
43 silly fetchAndShaCheck shasum be3b133d0810cf66df63a9c6e4ada7c4dd0a9afc
44 verbose addTmpTarball /var/folders/vf/d1748jv10yj665425_n0sgf80000gn/T/npm-60748-38ebf368/registry.npmjs.org/local/-/local-0.3.3.tgz not in flight; adding
45 verbose addTmpTarball already have metadata; skipping unpack for local@0.3.3
46 verbose correctMkdir /Users/soul/.npm correctMkdir not in flight; initializing
47 silly cache afterAdd local@0.3.3
48 verbose afterAdd /Users/soul/.npm/local/0.3.3/package/package.json not in flight; writing
49 verbose correctMkdir /Users/soul/.npm correctMkdir not in flight; initializing
50 verbose afterAdd /Users/soul/.npm/local/0.3.3/package/package.json written
51 silly publish { name: 'local',
51 silly publish   description: 'Beautiful localization library for node.js',
51 silly publish   version: '0.3.3',
51 silly publish   scripts: { test: 'mocha tests' },
51 silly publish   dependencies: { async: '^2.0.0-rc.2' },
51 silly publish   devDependencies: { mocha: '1.21.4', 'expect.js': '0.3.1' },
51 silly publish   license: 'MIT',
51 silly publish   gitHead: '0a8aa0cccca50f7ef350efce0564a854fab893fd',
51 silly publish   _id: 'local@0.3.3',
51 silly publish   _shasum: 'be3b133d0810cf66df63a9c6e4ada7c4dd0a9afc',
51 silly publish   _from: 'local@latest',
51 silly publish   _npmVersion: '3.6.0',
51 silly publish   _nodeVersion: '5.7.0',
51 silly publish   _npmUser: { name: 'adamhalasz', email: 'mail@adamhalasz.com' },
51 silly publish   dist:
51 silly publish    { shasum: 'be3b133d0810cf66df63a9c6e4ada7c4dd0a9afc',
51 silly publish      tarball: 'https://registry.npmjs.org/local/-/local-0.3.3.tgz' },
51 silly publish   maintainers: [ { name: 'adamhalasz', email: 'mail@adamhalasz.com' } ],
51 silly publish   _npmOperationalInternal:
51 silly publish    { host: 'packages-12-west.internal.npmjs.com',
51 silly publish      tmp: 'tmp/local-0.3.3.tgz_1459929562895_0.3211138916667551' },
51 silly publish   directories: {},
51 silly publish   _resolved: 'https://registry.npmjs.org/local/-/local-0.3.3.tgz' }
52 info lifecycle local@0.3.3~prepublish: local@0.3.3
53 silly lifecycle local@0.3.3~prepublish: no script for prepublish, continuing
54 verbose getPublishConfig undefined
55 silly mapToRegistry name local
56 silly mapToRegistry using default registry
57 silly mapToRegistry registry https://registry.npmjs.org/
58 silly mapToRegistry data Result {
58 silly mapToRegistry   raw: 'local',
58 silly mapToRegistry   scope: null,
58 silly mapToRegistry   escapedName: 'local',
58 silly mapToRegistry   name: 'local',
58 silly mapToRegistry   rawSpec: '',
58 silly mapToRegistry   spec: 'latest',
58 silly mapToRegistry   type: 'tag' }
59 silly mapToRegistry uri https://registry.npmjs.org/local
60 verbose publish registryBase https://registry.npmjs.org/
61 silly publish uploading /Users/soul/.npm/local/0.3.3/package.tgz
62 verbose request uri https://registry.npmjs.org/local
63 verbose request sending authorization for write operation
64 info attempt registry request try #1 at 13:27:38
65 verbose request using bearer token for auth
66 http request PUT https://registry.npmjs.org/local
67 http 403 https://registry.npmjs.org/local
68 verbose headers { 'content-type': 'application/json',
68 verbose headers   'cache-control': 'max-age=300',
68 verbose headers   'content-length': '99',
68 verbose headers   'accept-ranges': 'bytes',
68 verbose headers   date: 'Mon, 08 Aug 2016 10:27:39 GMT',
68 verbose headers   via: '1.1 varnish',
68 verbose headers   connection: 'keep-alive',
68 verbose headers   'x-served-by': 'cache-fra1236-FRA',
68 verbose headers   'x-cache': 'MISS',
68 verbose headers   'x-cache-hits': '0',
68 verbose headers   'x-timer': 'S1470652058.473382,VS0,VE672',
68 verbose headers   vary: 'Accept-Encoding' }
69 verbose request invalidating /Users/soul/.npm/registry.npmjs.org/local on PUT
70 error publish Failed PUT 403
71 verbose stack Error: you do not have permission to publish "local". Are you logged in as the correct user? : local
71 verbose stack     at makeError (/Users/soul/.nvm/versions/node/v6.3.0/lib/node_modules/npm/node_modules/npm-registry-client/lib/request.js:264:12)
71 verbose stack     at CachingRegistryClient.<anonymous> (/Users/soul/.nvm/versions/node/v6.3.0/lib/node_modules/npm/node_modules/npm-registry-client/lib/request.js:252:14)
71 verbose stack     at Request._callback (/Users/soul/.nvm/versions/node/v6.3.0/lib/node_modules/npm/node_modules/npm-registry-client/lib/request.js:172:14)
71 verbose stack     at Request.self.callback (/Users/soul/.nvm/versions/node/v6.3.0/lib/node_modules/npm/node_modules/request/request.js:200:22)
71 verbose stack     at emitTwo (events.js:106:13)
71 verbose stack     at Request.emit (events.js:191:7)
71 verbose stack     at Request.<anonymous> (/Users/soul/.nvm/versions/node/v6.3.0/lib/node_modules/npm/node_modules/request/request.js:1067:10)
71 verbose stack     at emitOne (events.js:101:20)
71 verbose stack     at Request.emit (events.js:188:7)
71 verbose stack     at IncomingMessage.<anonymous> (/Users/soul/.nvm/versions/node/v6.3.0/lib/node_modules/npm/node_modules/request/request.js:988:12)
72 verbose statusCode 403
73 verbose pkgid local
74 verbose cwd /Users/soul/source/datamonsters/alak
75 error Darwin 15.5.0
76 error argv "/Users/soul/.nvm/versions/node/v6.3.0/bin/node" "/Users/soul/.nvm/versions/node/v6.3.0/bin/npm" "publish" "local"
77 error node v6.3.0
78 error npm  v3.10.3
79 error code E403
80 error you do not have permission to publish "local". Are you logged in as the correct user? : local
81 error If you need help, you may report this error at:
81 error     <https://github.com/npm/npm/issues>
82 verbose exit [ 1, true ]
